<?xml version="1.0" encoding="UTF-8"?>
<testsuite name="hello.hellospring.repository.service.MemberServiceTest" tests="4" skipped="0" failures="0" errors="0" timestamp="2021-06-09T10:48:07" hostname="isang-gwon-ui-MacBookAir.local" time="0.046">
  <properties/>
  <testcase name="findOne()" classname="hello.hellospring.repository.service.MemberServiceTest" time="0.029"/>
  <testcase name="join()" classname="hello.hellospring.repository.service.MemberServiceTest" time="0.005"/>
  <testcase name="중복_회원_예외()" classname="hello.hellospring.repository.service.MemberServiceTest" time="0.007"/>
  <testcase name="findMembers()" classname="hello.hellospring.repository.service.MemberServiceTest" time="0.001"/>
  <system-out><![CDATA[]]></system-out>
  <system-err><![CDATA[]]></system-err>
</testsuite>
